0 info it worked if it ends with ok
1 verbose cli [ '/Users/xueshikai/.nvm/versions/node/v7.7.4/bin/node',
1 verbose cli   '/Users/xueshikai/.nvm/versions/node/v7.7.4/bin/npm',
1 verbose cli   'run',
1 verbose cli   'de' ]
2 info using npm@4.1.2
3 info using node@v7.7.4
4 verbose stack Error: missing script: de
4 verbose stack     at run (/Users/xueshikai/.nvm/versions/node/v7.7.4/lib/node_modules/npm/lib/run-script.js:151:19)
4 verbose stack     at /Users/xueshikai/.nvm/versions/node/v7.7.4/lib/node_modules/npm/lib/run-script.js:61:5
4 verbose stack     at /Users/xueshikai/.nvm/versions/node/v7.7.4/lib/node_modules/npm/node_modules/read-package-json/read-json.js:356:5
4 verbose stack     at checkBinReferences_ (/Users/xueshikai/.nvm/versions/node/v7.7.4/lib/node_modules/npm/node_modules/read-package-json/read-json.js:320:45)
4 verbose stack     at final (/Users/xueshikai/.nvm/versions/node/v7.7.4/lib/node_modules/npm/node_modules/read-package-json/read-json.js:354:3)
4 verbose stack     at then (/Users/xueshikai/.nvm/versions/node/v7.7.4/lib/node_modules/npm/node_modules/read-package-json/read-json.js:124:5)
4 verbose stack     at /Users/xueshikai/.nvm/versions/node/v7.7.4/lib/node_modules/npm/node_modules/read-package-json/read-json.js:243:12
4 verbose stack     at /Users/xueshikai/.nvm/versions/node/v7.7.4/lib/node_modules/npm/node_modules/graceful-fs/graceful-fs.js:78:16
4 verbose stack     at tryToString (fs.js:449:3)
4 verbose stack     at FSReqWrap.readFileAfterClose [as oncomplete] (fs.js:436:12)
5 verbose cwd /Users/xueshikai/Desktop/mqtt实例测试
6 error Darwin 18.5.0
7 error argv "/Users/xueshikai/.nvm/versions/node/v7.7.4/bin/node" "/Users/xueshikai/.nvm/versions/node/v7.7.4/bin/npm" "run" "de"
8 error node v7.7.4
9 error npm  v4.1.2
10 error missing script: de
11 error If you need help, you may report this error at:
11 error     <https://github.com/npm/npm/issues>
12 verbose exit [ 1, true ]
